<?xml version="1.0" encoding="UTF-8"?>
<!-- Generated by org.testng.reporters.JUnitReportReporter -->
<testsuite hostname="L33895" failures="0" tests="1" name="pk_sprecom.DefaultCountries_JSONPath" time="6.795" errors="0" timestamp="2022-05-26T12:57:26 IST" skipped="0">
  <testcase classname="pk_sprecom.DefaultCountries_JSONPath" name="GetDeafultCountries" time="6.795"/>
  <system-out/>
</testsuite> <!-- pk_sprecom.DefaultCountries_JSONPath -->
