<?xml version="1.0" encoding="UTF-8"?>
<!-- Generated by org.testng.reporters.JUnitReportReporter -->
<testsuite hostname="L33895" failures="0" tests="1" name="pk_sprecom.CreateOrRefreshToken" time="5.924" errors="0" timestamp="2022-05-26T15:32:59 IST" skipped="0">
  <testcase classname="pk_sprecom.CreateOrRefreshToken" name="GetToken" time="5.924"/>
  <system-out/>
</testsuite> <!-- pk_sprecom.CreateOrRefreshToken -->
