<?xml version="1.0" encoding="UTF-8"?>
<!-- Generated by org.testng.reporters.JUnitReportReporter -->
<testsuite hostname="L33895" failures="0" tests="1" name="pk_sprecom.CreateAddressUsingFile" time="1.407" errors="0" timestamp="2022-05-28T14:53:05 IST" skipped="0">
  <testcase classname="pk_sprecom.CreateAddressUsingFile" name="CreateAddress" time="1.407"/>
  <system-out/>
</testsuite> <!-- pk_sprecom.CreateAddressUsingFile -->
