<?xml version="1.0" encoding="UTF-8"?>
<!-- Generated by org.testng.reporters.JUnitReportReporter -->
<testsuite hostname="L33895" failures="0" tests="2" name="pk_sprecom.CountriesUsingExtentReportCallingUtility" time="5.010" errors="0" timestamp="2022-05-28T15:47:00 IST" skipped="0">
  <testcase classname="pk_sprecom.CountriesUsingExtentReportCallingUtility" name="getDefaultCountry" time="4.242"/>
  <system-out/>
  <testcase classname="pk_sprecom.CountriesUsingExtentReportCallingUtility" name="getCountry" time="0.768"/>
  <system-out/>
</testsuite> <!-- pk_sprecom.CountriesUsingExtentReportCallingUtility -->
