<?xml version="1.0" encoding="UTF-8"?>
<!-- Generated by org.testng.reporters.JUnitReportReporter -->
<testsuite hostname="L33895" failures="0" tests="4" name="pk_sprecom.RetrieveCountries_ByProvidingData" time="20.777" errors="0" timestamp="2022-05-28T12:02:33 IST" skipped="0">
  <testcase classname="pk_sprecom.RetrieveCountries_ByProvidingData" name="getCountry" time="1.044"/>
  <system-out/>
  <testcase classname="pk_sprecom.RetrieveCountries_ByProvidingData" name="getCountry" time="0.838"/>
  <system-out/>
  <testcase classname="pk_sprecom.RetrieveCountries_ByProvidingData" name="getCountry" time="7.402"/>
  <system-out/>
  <testcase classname="pk_sprecom.RetrieveCountries_ByProvidingData" name="getCountry" time="11.493"/>
  <system-out/>
</testsuite> <!-- pk_sprecom.RetrieveCountries_ByProvidingData -->
