<?xml version="1.0" encoding="UTF-8"?>
<!-- Generated by org.testng.reporters.JUnitReportReporter -->
<testsuite hostname="L33895" failures="0" tests="2" name="pk_sprecom.UpdateAddressUsingFile" time="3.726" errors="0" timestamp="2022-05-28T10:12:58 IST" skipped="0">
  <testcase classname="pk_sprecom.UpdateAddressUsingFile" name="CreateAddress" time="2.285"/>
  <system-out/>
  <testcase classname="pk_sprecom.UpdateAddressUsingFile" name="Update_Address" time="1.441"/>
  <system-out/>
</testsuite> <!-- pk_sprecom.UpdateAddressUsingFile -->
