<?xml version="1.0" encoding="UTF-8"?>
<!-- Generated by org.testng.reporters.JUnitReportReporter -->
<testsuite hostname="L33895" failures="0" tests="1" name="pk_sprecom.SanityTestBatchExecution" time="0.024" errors="0" timestamp="2022-05-28T14:53:05 IST" skipped="0">
  <testcase classname="pk_sprecom.SanityTestBatchExecution" name="sanityTest" time="0.024"/>
  <system-out/>
</testsuite> <!-- pk_sprecom.SanityTestBatchExecution -->
