<?xml version="1.0" encoding="UTF-8"?>
<!-- Generated by org.testng.reporters.JUnitReportReporter -->
<testsuite hostname="L33895" failures="0" tests="4" name="pk_sprecom.RetrieveCountries_ByProvidingDataByExcel" time="9.423" errors="0" timestamp="2022-05-28T13:21:21 IST" skipped="0">
  <testcase classname="pk_sprecom.RetrieveCountries_ByProvidingDataByExcel" name="getCountry" time="0.897"/>
  <system-out/>
  <testcase classname="pk_sprecom.RetrieveCountries_ByProvidingDataByExcel" name="getCountry" time="0.861"/>
  <system-out/>
  <testcase classname="pk_sprecom.RetrieveCountries_ByProvidingDataByExcel" name="getCountry" time="6.858"/>
  <system-out/>
  <testcase classname="pk_sprecom.RetrieveCountries_ByProvidingDataByExcel" name="getCountry" time="0.807"/>
  <system-out/>
</testsuite> <!-- pk_sprecom.RetrieveCountries_ByProvidingDataByExcel -->
