<?xml version="1.0" encoding="UTF-8"?>
<!-- Generated by org.testng.reporters.JUnitReportReporter -->
<testsuite hostname="L33895" failures="0" tests="2" name="pk_sprecom.CreateUpdateAddressbyUtilityClass" time="8.464" errors="0" timestamp="2022-05-28T10:51:04 IST" skipped="0">
  <testcase classname="pk_sprecom.CreateUpdateAddressbyUtilityClass" name="Create_Address" time="6.789"/>
  <system-out/>
  <testcase classname="pk_sprecom.CreateUpdateAddressbyUtilityClass" name="Update_Address" time="1.675"/>
  <system-out/>
</testsuite> <!-- pk_sprecom.CreateUpdateAddressbyUtilityClass -->
