<?xml version="1.0" encoding="UTF-8"?>
<!-- Generated by org.testng.reporters.JUnitReportReporter -->
<testsuite hostname="L33895" failures="0" tests="2" name="pk_sprecom.CountriesUsingExtentReport" time="6.743" errors="0" timestamp="2022-05-28T15:26:34 IST" skipped="0">
  <testcase classname="pk_sprecom.CountriesUsingExtentReport" name="getDefaultCountry" time="5.884"/>
  <system-out/>
  <testcase classname="pk_sprecom.CountriesUsingExtentReport" name="getCountry" time="0.859"/>
  <system-out/>
</testsuite> <!-- pk_sprecom.CountriesUsingExtentReport -->
