<?xml version="1.0" encoding="UTF-8"?>
<!-- Generated by org.testng.reporters.JUnitReportReporter -->
<testsuite hostname="L33895" failures="0" tests="2" name="pk_sprecom.CreateUpdateAddressbyUtility_UsingDependMethod" time="7.376" errors="0" timestamp="2022-05-28T11:22:25 IST" skipped="0">
  <testcase classname="pk_sprecom.CreateUpdateAddressbyUtility_UsingDependMethod" name="Update_Address" time="1.592"/>
  <system-out/>
  <testcase classname="pk_sprecom.CreateUpdateAddressbyUtility_UsingDependMethod" name="Create_Address" time="5.784"/>
  <system-out/>
</testsuite> <!-- pk_sprecom.CreateUpdateAddressbyUtility_UsingDependMethod -->
