<?xml version="1.0" encoding="UTF-8"?>
<!-- Generated by org.testng.reporters.JUnitReportReporter -->
<testsuite hostname="L33895" failures="0" tests="3" name="pk_sprecom.DeleteAddressUsingFile" time="4.256" errors="0" timestamp="2022-05-26T17:12:20 IST" skipped="0">
  <testcase classname="pk_sprecom.DeleteAddressUsingFile" name="CreateAddress" time="1.989"/>
  <system-out/>
  <testcase classname="pk_sprecom.DeleteAddressUsingFile" name="Update_Address" time="1.207"/>
  <system-out/>
  <testcase classname="pk_sprecom.DeleteAddressUsingFile" name="DeleteAddress" time="1.060"/>
  <system-out/>
</testsuite> <!-- pk_sprecom.DeleteAddressUsingFile -->
